Using pre-set license
Built from '2022.3/staging' branch; Version is '2022.3.21f1 (bf09ca542b87) revision 12519882'; Using compiler version '192829333'; Build Type 'Release'
OS: 'Windows 11  (10.0.22631) 64bit Core' Language: 'pt' Physical Memory: 15771 MB
BatchMode: 1, IsHumanControllingUs: 0, StartBugReporterOnCrash: 0, Is64bit: 1, IsPro: 1

COMMAND LINE ARGUMENTS:
C:\Users\rodri\Desktop\Unity Installs\2022.3.21f1\Editor\Unity.exe
-adb2
-batchMode
-noUpm
-name
AssetImportWorker2
-projectPath
C:/Users/rodri/Documents/GitHub/2D-Project-2024/2DGP_Prototype
-logFile
Logs/AssetImportWorker2.log
-srvPort
54733
Successfully changed project path to: C:/Users/rodri/Documents/GitHub/2D-Project-2024/2DGP_Prototype
C:/Users/rodri/Documents/GitHub/2D-Project-2024/2DGP_Prototype
[UnityMemory] Configuration Parameters - Can be set up in boot.config
    "memorysetup-bucket-allocator-granularity=16"
    "memorysetup-bucket-allocator-bucket-count=8"
    "memorysetup-bucket-allocator-block-size=33554432"
    "memorysetup-bucket-allocator-block-count=8"
    "memorysetup-main-allocator-block-size=16777216"
    "memorysetup-thread-allocator-block-size=16777216"
    "memorysetup-gfx-main-allocator-block-size=16777216"
    "memorysetup-gfx-thread-allocator-block-size=16777216"
    "memorysetup-cache-allocator-block-size=4194304"
    "memorysetup-typetree-allocator-block-size=2097152"
    "memorysetup-profiler-bucket-allocator-granularity=16"
    "memorysetup-profiler-bucket-allocator-bucket-count=8"
    "memorysetup-profiler-bucket-allocator-block-size=33554432"
    "memorysetup-profiler-bucket-allocator-block-count=8"
    "memorysetup-profiler-allocator-block-size=16777216"
    "memorysetup-profiler-editor-allocator-block-size=1048576"
    "memorysetup-temp-allocator-size-main=16777216"
    "memorysetup-job-temp-allocator-block-size=2097152"
    "memorysetup-job-temp-allocator-block-size-background=1048576"
    "memorysetup-job-temp-allocator-reduction-small-platforms=262144"
    "memorysetup-allocator-temp-initial-block-size-main=262144"
    "memorysetup-allocator-temp-initial-block-size-worker=262144"
    "memorysetup-temp-allocator-size-background-worker=32768"
    "memorysetup-temp-allocator-size-job-worker=262144"
    "memorysetup-temp-allocator-size-preload-manager=33554432"
    "memorysetup-temp-allocator-size-nav-mesh-worker=65536"
    "memorysetup-temp-allocator-size-audio-worker=65536"
    "memorysetup-temp-allocator-size-cloud-worker=32768"
    "memorysetup-temp-allocator-size-gi-baking-worker=262144"
    "memorysetup-temp-allocator-size-gfx=262144"
Player connection [14524] Host "[IP] 172.22.201.77 [Port] 0 [Flags] 2 [Guid] 2326713520 [EditorId] 2326713520 [Version] 1048832 [Id] WindowsEditor(7,LAPTOP-2681OAFG) [Debug] 1 [PackageName] WindowsEditor [ProjectName] Editor" joined multi-casting on [225.0.0.222:54997]...

Player connection [14524] Host "[IP] 172.22.201.77 [Port] 0 [Flags] 2 [Guid] 2326713520 [EditorId] 2326713520 [Version] 1048832 [Id] WindowsEditor(7,LAPTOP-2681OAFG) [Debug] 1 [PackageName] WindowsEditor [ProjectName] Editor" joined alternative multi-casting on [225.0.0.222:34997]...

[Physics::Module] Initialized MultithreadedJobDispatcher with 15 workers.
Refreshing native plugins compatible for Editor in 10.65 ms, found 4 plugins.
Preloading 0 native plugins for Editor in 0.00 ms.
Initialize engine version: 2022.3.21f1 (bf09ca542b87)
[Subsystems] Discovering subsystems at path C:/Users/rodri/Desktop/Unity Installs/2022.3.21f1/Editor/Data/Resources/UnitySubsystems
[Subsystems] Discovering subsystems at path C:/Users/rodri/Documents/GitHub/2D-Project-2024/2DGP_Prototype/Assets
GfxDevice: creating device client; threaded=0; jobified=0
Direct3D:
    Version:  Direct3D 11.0 [level 11.1]
    Renderer: AMD Radeon(TM) Graphics (ID=0x164c)
    Vendor:   ATI
    VRAM:     7885 MB
    Driver:   31.0.21910.5
Initialize mono
Mono path[0] = 'C:/Users/rodri/Desktop/Unity Installs/2022.3.21f1/Editor/Data/Managed'
Mono path[1] = 'C:/Users/rodri/Desktop/Unity Installs/2022.3.21f1/Editor/Data/MonoBleedingEdge/lib/mono/unityjit-win32'
Mono config path = 'C:/Users/rodri/Desktop/Unity Installs/2022.3.21f1/Editor/Data/MonoBleedingEdge/etc'
Using monoOptions --debugger-agent=transport=dt_socket,embedding=1,server=y,suspend=n,address=127.0.0.1:56844
Begin MonoManager ReloadAssembly
Registering precompiled unity dll's ...
Register platform support module: C:/Users/rodri/Desktop/Unity Installs/2022.3.21f1/Editor/Data/PlaybackEngines/WindowsStandaloneSupport/UnityEditor.WindowsStandalone.Extensions.dll
Registered in 0.005904 seconds.
- Loaded All Assemblies, in  0.375 seconds
Native extension for WindowsStandalone target not found
Mono: successfully reloaded assembly
- Finished resetting the current domain, in  0.267 seconds
Domain Reload Profiling: 642ms
	BeginReloadAssembly (126ms)
		ExecutionOrderSort (0ms)
		DisableScriptedObjects (0ms)
		BackupInstance (0ms)
		ReleaseScriptingObjects (0ms)
		CreateAndSetChildDomain (1ms)
	RebuildCommonClasses (36ms)
	RebuildNativeTypeToScriptingClass (11ms)
	initialDomainReloadingComplete (58ms)
	LoadAllAssembliesAndSetupDomain (144ms)
		LoadAssemblies (125ms)
		RebuildTransferFunctionScriptingTraits (0ms)
		AnalyzeDomain (142ms)
			TypeCache.Refresh (140ms)
				TypeCache.ScanAssembly (126ms)
			ScanForSourceGeneratedMonoScriptInfo (0ms)
			ResolveRequiredComponents (0ms)
	FinalizeReload (268ms)
		ReleaseScriptCaches (0ms)
		RebuildScriptCaches (0ms)
		SetupLoadedEditorAssemblies (209ms)
			LogAssemblyErrors (0ms)
			InitializePlatformSupportModulesInManaged (9ms)
			SetLoadedEditorAssemblies (8ms)
			RefreshPlugins (0ms)
			BeforeProcessingInitializeOnLoad (2ms)
			ProcessInitializeOnLoadAttributes (138ms)
			ProcessInitializeOnLoadMethodAttributes (51ms)
			AfterProcessingInitializeOnLoad (0ms)
			EditorAssembliesLoaded (0ms)
		ExecutionOrderSort2 (0ms)
		AwakeInstancesAfterBackupRestoration (0ms)
========================================================================
Worker process is ready to serve import requests
Begin MonoManager ReloadAssembly
- Loaded All Assemblies, in  0.642 seconds
Refreshing native plugins compatible for Editor in 3.86 ms, found 4 plugins.
Native extension for WindowsStandalone target not found
Package Manager log level set to [2]
[Package Manager] Server::EnsureServerProcessIsRunning -- launch failed, reason: Unity was launched with the -noUpm command-line argument
[Package Manager] UpmClient::Send -- Unable to send message (not connected to UPM process).
[Package Manager] Cannot connect to Unity Package Manager local server
Mono: successfully reloaded assembly
- Finished resetting the current domain, in  0.573 seconds
Domain Reload Profiling: 1213ms
	BeginReloadAssembly (135ms)
		ExecutionOrderSort (0ms)
		DisableScriptedObjects (5ms)
		BackupInstance (0ms)
		ReleaseScriptingObjects (0ms)
		CreateAndSetChildDomain (20ms)
	RebuildCommonClasses (32ms)
	RebuildNativeTypeToScriptingClass (10ms)
	initialDomainReloadingComplete (40ms)
	LoadAllAssembliesAndSetupDomain (422ms)
		LoadAssemblies (324ms)
		RebuildTransferFunctionScriptingTraits (0ms)
		AnalyzeDomain (175ms)
			TypeCache.Refresh (149ms)
				TypeCache.ScanAssembly (134ms)
			ScanForSourceGeneratedMonoScriptInfo (21ms)
			ResolveRequiredComponents (4ms)
	FinalizeReload (574ms)
		ReleaseScriptCaches (0ms)
		RebuildScriptCaches (0ms)
		SetupLoadedEditorAssemblies (428ms)
			LogAssemblyErrors (0ms)
			InitializePlatformSupportModulesInManaged (5ms)
			SetLoadedEditorAssemblies (4ms)
			RefreshPlugins (0ms)
			BeforeProcessingInitializeOnLoad (61ms)
			ProcessInitializeOnLoadAttributes (314ms)
			ProcessInitializeOnLoadMethodAttributes (39ms)
			AfterProcessingInitializeOnLoad (5ms)
			EditorAssembliesLoaded (0ms)
		ExecutionOrderSort2 (0ms)
		AwakeInstancesAfterBackupRestoration (6ms)
Launched and connected shader compiler UnityShaderCompiler.exe after 0.05 seconds
Refreshing native plugins compatible for Editor in 3.80 ms, found 4 plugins.
Preloading 0 native plugins for Editor in 0.00 ms.
Unloading 4037 Unused Serialized files (Serialized files now loaded: 0)
Unloading 64 unused Assets / (61.4 KB). Loaded Objects now: 4499.
Memory consumption went from 143.8 MB to 143.8 MB.
Total: 4.381200 ms (FindLiveObjects: 0.517300 ms CreateObjectMapping: 0.242100 ms MarkObjects: 3.420400 ms  DeleteObjects: 0.199500 ms)

AssetImportParameters requested are different than current active one (requested -> active):
  custom:container-demuxer-ogg: 62fdf1f143b41e24485cea50d1cbac27 -> 
  custom:video-decoder-ogg-theora: a1e56fd34408186e4bbccfd4996cb3dc -> 
  custom:framework-win-MediaFoundation: 216162199b28c13a410421893ffa2e32 -> 
  custom:CustomObjectIndexerAttribute: 9a22284fe3817be447336de3de66b15e -> 
  custom:container-demuxer-webm: 4f35f7cbe854078d1ac9338744f61a02 -> 
  custom:container-muxer-webm: aa71ff27fc2769a1b78a27578f13a17b -> 
  custom:video-decoder-webm-vp8: 9c59270c3fd7afecdb556c50c9e8de78 -> 
  custom:SearchIndexIgnoredProperties: e643bd26f0fe6173181afceb89e7c659 -> 
  custom:AudioImporter_EditorPlatform: d09bf68614088b80899f8185d706f6e7 -> 
  custom:video-encoder-webm-vp8: eb34c28f22e8b96e1ab97ce403110664 -> 
  custom:audio-decoder-ogg-vorbis: bf7c407c2cedff20999df2af8eb42d56 -> 
  custom:audio-encoder-webm-vorbis: bf7c407c2cedff20999df2af8eb42d56 -> 
========================================================================
Received Import Request.
  Time since last request: 515376.110781 seconds.
  path: Assets/Sprout Lands - Sprites - Basic pack/Characters/Basic Charakter Spritesheet.png
  artifactKey: Guid(9918a1a204183724abcd1b784e26938b) Importer(815301076,1909f56bfc062723c751e8b465ee728b)
Start importing Assets/Sprout Lands - Sprites - Basic pack/Characters/Basic Charakter Spritesheet.png using Guid(9918a1a204183724abcd1b784e26938b) Importer(815301076,1909f56bfc062723c751e8b465ee728b)  -> (artifact id: '11d1d146097c13523875c179f92f8e0a') in 0.121008 seconds
Number of updated asset objects reloaded before import = 0
Number of asset objects unloaded after import = 3
========================================================================
Received Import Request.
  Time since last request: 14.015324 seconds.
  path: Assets/Sprout Lands - Sprites - Basic pack/Characters/Basic Charakter Spritesheet.png
  artifactKey: Guid(9918a1a204183724abcd1b784e26938b) Importer(815301076,1909f56bfc062723c751e8b465ee728b)
Start importing Assets/Sprout Lands - Sprites - Basic pack/Characters/Basic Charakter Spritesheet.png using Guid(9918a1a204183724abcd1b784e26938b) Importer(815301076,1909f56bfc062723c751e8b465ee728b)  -> (artifact id: '616190752a2702577788e209ace6d888') in 0.020721 seconds
Number of updated asset objects reloaded before import = 0
Number of asset objects unloaded after import = 3
========================================================================
Received Import Request.
  Time since last request: 81.082692 seconds.
  path: Assets/Sprout Lands - Sprites - Basic pack/Characters/Basic Charakter Spritesheet.png
  artifactKey: Guid(9918a1a204183724abcd1b784e26938b) Importer(815301076,1909f56bfc062723c751e8b465ee728b)
Start importing Assets/Sprout Lands - Sprites - Basic pack/Characters/Basic Charakter Spritesheet.png using Guid(9918a1a204183724abcd1b784e26938b) Importer(815301076,1909f56bfc062723c751e8b465ee728b)  -> (artifact id: '1a1435d3c0c7279d4b204186894d23ee') in 0.019450 seconds
Number of updated asset objects reloaded before import = 0
Number of asset objects unloaded after import = 2
========================================================================
Received Import Request.
  Time since last request: 28.354641 seconds.
  path: Assets/Sprout Lands - Sprites - Basic pack/Characters/Basic Charakter Spritesheet.png
  artifactKey: Guid(9918a1a204183724abcd1b784e26938b) Importer(815301076,1909f56bfc062723c751e8b465ee728b)
Start importing Assets/Sprout Lands - Sprites - Basic pack/Characters/Basic Charakter Spritesheet.png using Guid(9918a1a204183724abcd1b784e26938b) Importer(815301076,1909f56bfc062723c751e8b465ee728b)  -> (artifact id: '953383669f2eb6631f66aeeceeb11106') in 0.065523 seconds
Number of updated asset objects reloaded before import = 0
Number of asset objects unloaded after import = 18
========================================================================
Received Import Request.
  Time since last request: 291.453375 seconds.
  path: Assets/Foozle_2DC0009_Lucifer_Warrior_Pixel_Art
  artifactKey: Guid(0e6314afaa7371341b45ab32e355ee98) Importer(815301076,1909f56bfc062723c751e8b465ee728b)
Start importing Assets/Foozle_2DC0009_Lucifer_Warrior_Pixel_Art using Guid(0e6314afaa7371341b45ab32e355ee98) Importer(815301076,1909f56bfc062723c751e8b465ee728b)  -> (artifact id: 'ea26709b0bf433876c41f21b9d18e430') in 0.000834 seconds
Number of updated asset objects reloaded before import = 0
Number of asset objects unloaded after import = 0
========================================================================
Received Import Request.
  Time since last request: 0.080293 seconds.
  path: Assets/Foozle_2DC0009_Lucifer_Warrior_Pixel_Art/Warrior Showreel.aseprite
  artifactKey: Guid(fb2cd03449544354bbc64dae0fabfcc7) Importer(815301076,1909f56bfc062723c751e8b465ee728b)
Start importing Assets/Foozle_2DC0009_Lucifer_Warrior_Pixel_Art/Warrior Showreel.aseprite using Guid(fb2cd03449544354bbc64dae0fabfcc7) Importer(815301076,1909f56bfc062723c751e8b465ee728b)  -> (artifact id: '9508636d7344c28488d8b0934fec8478') in 0.503740 seconds
Number of updated asset objects reloaded before import = 0
Number of asset objects unloaded after import = 149
========================================================================
Received Import Request.
  Time since last request: 42.581326 seconds.
  path: Assets/Foozle_2DC0009_Lucifer_Warrior_Pixel_Art/Readme.txt
  artifactKey: Guid(1f722c5b94fb3f049b387730917bb582) Importer(815301076,1909f56bfc062723c751e8b465ee728b)
Start importing Assets/Foozle_2DC0009_Lucifer_Warrior_Pixel_Art/Readme.txt using Guid(1f722c5b94fb3f049b387730917bb582) Importer(815301076,1909f56bfc062723c751e8b465ee728b)  -> (artifact id: 'de6dbfad93e9d72cc495f54d04cc4625') in 0.001625 seconds
Number of updated asset objects reloaded before import = 0
Number of asset objects unloaded after import = 1
========================================================================
Received Import Request.
  Time since last request: 2.665536 seconds.
  path: Assets/Foozle_2DC0009_Lucifer_Warrior_Pixel_Art/Down
  artifactKey: Guid(571cf1500c21f214484e39331babfe13) Importer(815301076,1909f56bfc062723c751e8b465ee728b)
Start importing Assets/Foozle_2DC0009_Lucifer_Warrior_Pixel_Art/Down using Guid(571cf1500c21f214484e39331babfe13) Importer(815301076,1909f56bfc062723c751e8b465ee728b)  -> (artifact id: '9586b7fbbd95c7a74fb1d3cc6a74409b') in 0.000766 seconds
Number of updated asset objects reloaded before import = 0
Number of asset objects unloaded after import = 0
========================================================================
Received Import Request.
  Time since last request: 1.043414 seconds.
  path: Assets/Foozle_2DC0009_Lucifer_Warrior_Pixel_Art/Down/Ase
  artifactKey: Guid(0bcba4069a1f0924faca2b04d44e75e8) Importer(815301076,1909f56bfc062723c751e8b465ee728b)
Start importing Assets/Foozle_2DC0009_Lucifer_Warrior_Pixel_Art/Down/Ase using Guid(0bcba4069a1f0924faca2b04d44e75e8) Importer(815301076,1909f56bfc062723c751e8b465ee728b)  -> (artifact id: '6e508ebc1b3c79687e240d11a2533254') in 0.000759 seconds
Number of updated asset objects reloaded before import = 0
Number of asset objects unloaded after import = 0
========================================================================
Received Import Request.
  Time since last request: 0.098159 seconds.
  path: Assets/Foozle_2DC0009_Lucifer_Warrior_Pixel_Art/Down/Ase/WarriorDownAttack01.aseprite
  artifactKey: Guid(fff631070b744db46b1564f5bd70c699) Importer(815301076,1909f56bfc062723c751e8b465ee728b)
Start importing Assets/Foozle_2DC0009_Lucifer_Warrior_Pixel_Art/Down/Ase/WarriorDownAttack01.aseprite using Guid(fff631070b744db46b1564f5bd70c699) Importer(815301076,1909f56bfc062723c751e8b465ee728b)  -> (artifact id: '7c99ebe750b9bb041d02b8cf6a52caa7') in 0.048190 seconds
Number of updated asset objects reloaded before import = 0
Number of asset objects unloaded after import = 17
========================================================================
Received Import Request.
  Time since last request: 0.000024 seconds.
  path: Assets/Foozle_2DC0009_Lucifer_Warrior_Pixel_Art/Down/Ase/WarriorDownAttack03.aseprite
  artifactKey: Guid(2b4e4378976400b4fa487598bc6b2917) Importer(815301076,1909f56bfc062723c751e8b465ee728b)
Start importing Assets/Foozle_2DC0009_Lucifer_Warrior_Pixel_Art/Down/Ase/WarriorDownAttack03.aseprite using Guid(2b4e4378976400b4fa487598bc6b2917) Importer(815301076,1909f56bfc062723c751e8b465ee728b)  -> (artifact id: '87348cc0c268ab3afce42152d1aeb7a4') in 0.061299 seconds
Number of updated asset objects reloaded before import = 0
Number of asset objects unloaded after import = 16
========================================================================
Received Import Request.
  Time since last request: 0.000033 seconds.
  path: Assets/Foozle_2DC0009_Lucifer_Warrior_Pixel_Art/Down/Ase/WarriorDownJump.aseprite
  artifactKey: Guid(a967fff22f0dfca44b25780ddd528c7b) Importer(815301076,1909f56bfc062723c751e8b465ee728b)
Start importing Assets/Foozle_2DC0009_Lucifer_Warrior_Pixel_Art/Down/Ase/WarriorDownJump.aseprite using Guid(a967fff22f0dfca44b25780ddd528c7b) Importer(815301076,1909f56bfc062723c751e8b465ee728b)  -> (artifact id: '6da6fe98d134b0ed0569302060467f57') in 0.054551 seconds
Number of updated asset objects reloaded before import = 0
Number of asset objects unloaded after import = 16
========================================================================
Received Import Request.
  Time since last request: 0.000030 seconds.
  path: Assets/Foozle_2DC0009_Lucifer_Warrior_Pixel_Art/Down/Ase/WarriorDownLand.aseprite
  artifactKey: Guid(d36bc5c5c2afeba428d548860354ffc2) Importer(815301076,1909f56bfc062723c751e8b465ee728b)
Start importing Assets/Foozle_2DC0009_Lucifer_Warrior_Pixel_Art/Down/Ase/WarriorDownLand.aseprite using Guid(d36bc5c5c2afeba428d548860354ffc2) Importer(815301076,1909f56bfc062723c751e8b465ee728b)  -> (artifact id: 'b699277a7aaf3e5437bc662f3ee1aff3') in 0.042653 seconds
Number of updated asset objects reloaded before import = 0
Number of asset objects unloaded after import = 16
========================================================================
Received Import Request.
  Time since last request: 0.000047 seconds.
  path: Assets/Foozle_2DC0009_Lucifer_Warrior_Pixel_Art/Down/Ase/WarriorDownIdle.aseprite
  artifactKey: Guid(1d2d12b6a6c8af54d90639aaf5ea6d62) Importer(815301076,1909f56bfc062723c751e8b465ee728b)
Start importing Assets/Foozle_2DC0009_Lucifer_Warrior_Pixel_Art/Down/Ase/WarriorDownIdle.aseprite using Guid(1d2d12b6a6c8af54d90639aaf5ea6d62) Importer(815301076,1909f56bfc062723c751e8b465ee728b)  -> (artifact id: 'a2212a920a15343b25fd9e1cc272f6f0') in 0.040530 seconds
Number of updated asset objects reloaded before import = 0
Number of asset objects unloaded after import = 16
========================================================================
Received Import Request.
  Time since last request: 0.000036 seconds.
  path: Assets/Foozle_2DC0009_Lucifer_Warrior_Pixel_Art/Down/Ase/WarriorDownClimb.aseprite
  artifactKey: Guid(bca6b8d684734f242ab66169945be4fc) Importer(815301076,1909f56bfc062723c751e8b465ee728b)
Start importing Assets/Foozle_2DC0009_Lucifer_Warrior_Pixel_Art/Down/Ase/WarriorDownClimb.aseprite using Guid(bca6b8d684734f242ab66169945be4fc) Importer(815301076,1909f56bfc062723c751e8b465ee728b)  -> (artifact id: 'a0d65517f6ea4448901605d08f04ff59') in 0.045747 seconds
Number of updated asset objects reloaded before import = 0
Number of asset objects unloaded after import = 17
========================================================================
Received Import Request.
  Time since last request: 9.316213 seconds.
  path: Assets/Foozle_2DC0009_Lucifer_Warrior_Pixel_Art/Down/Png/WarriorDownAttack02.png
  artifactKey: Guid(dde69cecbb7465846b4516e60d5bcdd5) Importer(815301076,1909f56bfc062723c751e8b465ee728b)
Start importing Assets/Foozle_2DC0009_Lucifer_Warrior_Pixel_Art/Down/Png/WarriorDownAttack02.png using Guid(dde69cecbb7465846b4516e60d5bcdd5) Importer(815301076,1909f56bfc062723c751e8b465ee728b)  -> (artifact id: 'cb901a0f708498ec64ba41633ed40cae') in 0.027013 seconds
Number of updated asset objects reloaded before import = 0
Number of asset objects unloaded after import = 3
========================================================================
Received Import Request.
  Time since last request: 0.000027 seconds.
  path: Assets/Foozle_2DC0009_Lucifer_Warrior_Pixel_Art/Down/Png/WarriorDownDeath.png
  artifactKey: Guid(5751561918ef8ef4ab8f8d1aa67c5eb6) Importer(815301076,1909f56bfc062723c751e8b465ee728b)
Start importing Assets/Foozle_2DC0009_Lucifer_Warrior_Pixel_Art/Down/Png/WarriorDownDeath.png using Guid(5751561918ef8ef4ab8f8d1aa67c5eb6) Importer(815301076,1909f56bfc062723c751e8b465ee728b)  -> (artifact id: '1070329ba5f48ff8a4665a9fc175dea6') in 0.019713 seconds
Number of updated asset objects reloaded before import = 0
Number of asset objects unloaded after import = 3
========================================================================
Received Import Request.
  Time since last request: 0.000023 seconds.
  path: Assets/Foozle_2DC0009_Lucifer_Warrior_Pixel_Art/Down/Png/WarriorDownHurt.png
  artifactKey: Guid(d1f42655574de1047ae1dad37b51dd44) Importer(815301076,1909f56bfc062723c751e8b465ee728b)
Start importing Assets/Foozle_2DC0009_Lucifer_Warrior_Pixel_Art/Down/Png/WarriorDownHurt.png using Guid(d1f42655574de1047ae1dad37b51dd44) Importer(815301076,1909f56bfc062723c751e8b465ee728b)  -> (artifact id: '12c3d5fe8d2d50c82179e6c087e03671') in 0.021781 seconds
Number of updated asset objects reloaded before import = 0
Number of asset objects unloaded after import = 3
========================================================================
Received Import Request.
  Time since last request: 0.000025 seconds.
  path: Assets/Foozle_2DC0009_Lucifer_Warrior_Pixel_Art/Down/Png/WarriorDownLand.png
  artifactKey: Guid(858bed4b161dbe848b1efb96d9bbdf55) Importer(815301076,1909f56bfc062723c751e8b465ee728b)
Start importing Assets/Foozle_2DC0009_Lucifer_Warrior_Pixel_Art/Down/Png/WarriorDownLand.png using Guid(858bed4b161dbe848b1efb96d9bbdf55) Importer(815301076,1909f56bfc062723c751e8b465ee728b)  -> (artifact id: '7944c4091b9b1636d7a923b433c93fb8') in 0.021236 seconds
Number of updated asset objects reloaded before import = 0
Number of asset objects unloaded after import = 3
Editor requested this worker to shutdown with reason: Scaling down because of idle timeout
TcpMessagingSession - receive error: operation aborted. errorcode: 995, details: A operação de E/S foi cancelada devido a uma saída do módulo ou a um pedido da aplicação.
AssetImportWorker is now disconnected from the server
Process exiting
Exiting without the bug reporter. Application will terminate with return code 0