Using pre-set license
Built from '2022.3/staging' branch; Version is '2022.3.21f1 (bf09ca542b87) revision 12519882'; Using compiler version '192829333'; Build Type 'Release'
OS: 'Windows 11  (10.0.22631) 64bit Core' Language: 'pt' Physical Memory: 15771 MB
BatchMode: 1, IsHumanControllingUs: 0, StartBugReporterOnCrash: 0, Is64bit: 1, IsPro: 1

COMMAND LINE ARGUMENTS:
C:\Users\rodri\Desktop\Unity Installs\2022.3.21f1\Editor\Unity.exe
-adb2
-batchMode
-noUpm
-name
AssetImportWorker6
-projectPath
C:/Users/rodri/Documents/GitHub/2D-Project-2024/2DGP_Prototype
-logFile
Logs/AssetImportWorker6.log
-srvPort
54733
Successfully changed project path to: C:/Users/rodri/Documents/GitHub/2D-Project-2024/2DGP_Prototype
C:/Users/rodri/Documents/GitHub/2D-Project-2024/2DGP_Prototype
[UnityMemory] Configuration Parameters - Can be set up in boot.config
    "memorysetup-bucket-allocator-granularity=16"
    "memorysetup-bucket-allocator-bucket-count=8"
    "memorysetup-bucket-allocator-block-size=33554432"
    "memorysetup-bucket-allocator-block-count=8"
    "memorysetup-main-allocator-block-size=16777216"
    "memorysetup-thread-allocator-block-size=16777216"
    "memorysetup-gfx-main-allocator-block-size=16777216"
    "memorysetup-gfx-thread-allocator-block-size=16777216"
    "memorysetup-cache-allocator-block-size=4194304"
    "memorysetup-typetree-allocator-block-size=2097152"
    "memorysetup-profiler-bucket-allocator-granularity=16"
    "memorysetup-profiler-bucket-allocator-bucket-count=8"
    "memorysetup-profiler-bucket-allocator-block-size=33554432"
    "memorysetup-profiler-bucket-allocator-block-count=8"
    "memorysetup-profiler-allocator-block-size=16777216"
    "memorysetup-profiler-editor-allocator-block-size=1048576"
    "memorysetup-temp-allocator-size-main=16777216"
    "memorysetup-job-temp-allocator-block-size=2097152"
    "memorysetup-job-temp-allocator-block-size-background=1048576"
    "memorysetup-job-temp-allocator-reduction-small-platforms=262144"
    "memorysetup-allocator-temp-initial-block-size-main=262144"
    "memorysetup-allocator-temp-initial-block-size-worker=262144"
    "memorysetup-temp-allocator-size-background-worker=32768"
    "memorysetup-temp-allocator-size-job-worker=262144"
    "memorysetup-temp-allocator-size-preload-manager=33554432"
    "memorysetup-temp-allocator-size-nav-mesh-worker=65536"
    "memorysetup-temp-allocator-size-audio-worker=65536"
    "memorysetup-temp-allocator-size-cloud-worker=32768"
    "memorysetup-temp-allocator-size-gi-baking-worker=262144"
    "memorysetup-temp-allocator-size-gfx=262144"
Player connection [27900] Host "[IP] 172.22.201.77 [Port] 0 [Flags] 2 [Guid] 646131253 [EditorId] 646131253 [Version] 1048832 [Id] WindowsEditor(7,LAPTOP-2681OAFG) [Debug] 1 [PackageName] WindowsEditor [ProjectName] Editor" joined multi-casting on [225.0.0.222:54997]...

Player connection [27900] Host "[IP] 172.22.201.77 [Port] 0 [Flags] 2 [Guid] 646131253 [EditorId] 646131253 [Version] 1048832 [Id] WindowsEditor(7,LAPTOP-2681OAFG) [Debug] 1 [PackageName] WindowsEditor [ProjectName] Editor" joined alternative multi-casting on [225.0.0.222:34997]...

[Physics::Module] Initialized MultithreadedJobDispatcher with 15 workers.
Refreshing native plugins compatible for Editor in 10.28 ms, found 4 plugins.
Preloading 0 native plugins for Editor in 0.00 ms.
Initialize engine version: 2022.3.21f1 (bf09ca542b87)
[Subsystems] Discovering subsystems at path C:/Users/rodri/Desktop/Unity Installs/2022.3.21f1/Editor/Data/Resources/UnitySubsystems
[Subsystems] Discovering subsystems at path C:/Users/rodri/Documents/GitHub/2D-Project-2024/2DGP_Prototype/Assets
GfxDevice: creating device client; threaded=0; jobified=0
Direct3D:
    Version:  Direct3D 11.0 [level 11.1]
    Renderer: AMD Radeon(TM) Graphics (ID=0x164c)
    Vendor:   ATI
    VRAM:     7885 MB
    Driver:   31.0.21910.5
Initialize mono
Mono path[0] = 'C:/Users/rodri/Desktop/Unity Installs/2022.3.21f1/Editor/Data/Managed'
Mono path[1] = 'C:/Users/rodri/Desktop/Unity Installs/2022.3.21f1/Editor/Data/MonoBleedingEdge/lib/mono/unityjit-win32'
Mono config path = 'C:/Users/rodri/Desktop/Unity Installs/2022.3.21f1/Editor/Data/MonoBleedingEdge/etc'
Using monoOptions --debugger-agent=transport=dt_socket,embedding=1,server=y,suspend=n,address=127.0.0.1:56276
Begin MonoManager ReloadAssembly
Registering precompiled unity dll's ...
Register platform support module: C:/Users/rodri/Desktop/Unity Installs/2022.3.21f1/Editor/Data/PlaybackEngines/WindowsStandaloneSupport/UnityEditor.WindowsStandalone.Extensions.dll
Registered in 0.005440 seconds.
- Loaded All Assemblies, in  0.322 seconds
Native extension for WindowsStandalone target not found
Mono: successfully reloaded assembly
- Finished resetting the current domain, in  0.311 seconds
Domain Reload Profiling: 632ms
	BeginReloadAssembly (99ms)
		ExecutionOrderSort (0ms)
		DisableScriptedObjects (0ms)
		BackupInstance (0ms)
		ReleaseScriptingObjects (0ms)
		CreateAndSetChildDomain (1ms)
	RebuildCommonClasses (33ms)
	RebuildNativeTypeToScriptingClass (10ms)
	initialDomainReloadingComplete (54ms)
	LoadAllAssembliesAndSetupDomain (125ms)
		LoadAssemblies (97ms)
		RebuildTransferFunctionScriptingTraits (0ms)
		AnalyzeDomain (124ms)
			TypeCache.Refresh (122ms)
				TypeCache.ScanAssembly (110ms)
			ScanForSourceGeneratedMonoScriptInfo (0ms)
			ResolveRequiredComponents (0ms)
	FinalizeReload (312ms)
		ReleaseScriptCaches (0ms)
		RebuildScriptCaches (0ms)
		SetupLoadedEditorAssemblies (246ms)
			LogAssemblyErrors (0ms)
			InitializePlatformSupportModulesInManaged (11ms)
			SetLoadedEditorAssemblies (11ms)
			RefreshPlugins (0ms)
			BeforeProcessingInitializeOnLoad (2ms)
			ProcessInitializeOnLoadAttributes (167ms)
			ProcessInitializeOnLoadMethodAttributes (55ms)
			AfterProcessingInitializeOnLoad (0ms)
			EditorAssembliesLoaded (0ms)
		ExecutionOrderSort2 (0ms)
		AwakeInstancesAfterBackupRestoration (0ms)
========================================================================
Worker process is ready to serve import requests
Begin MonoManager ReloadAssembly
- Loaded All Assemblies, in  0.736 seconds
Refreshing native plugins compatible for Editor in 5.61 ms, found 4 plugins.
Native extension for WindowsStandalone target not found
Package Manager log level set to [2]
[Package Manager] Server::EnsureServerProcessIsRunning -- launch failed, reason: Unity was launched with the -noUpm command-line argument
[Package Manager] UpmClient::Send -- Unable to send message (not connected to UPM process).
[Package Manager] Cannot connect to Unity Package Manager local server
Mono: successfully reloaded assembly
- Finished resetting the current domain, in  0.608 seconds
Domain Reload Profiling: 1341ms
	BeginReloadAssembly (155ms)
		ExecutionOrderSort (0ms)
		DisableScriptedObjects (5ms)
		BackupInstance (0ms)
		ReleaseScriptingObjects (0ms)
		CreateAndSetChildDomain (25ms)
	RebuildCommonClasses (35ms)
	RebuildNativeTypeToScriptingClass (10ms)
	initialDomainReloadingComplete (41ms)
	LoadAllAssembliesAndSetupDomain (492ms)
		LoadAssemblies (378ms)
		RebuildTransferFunctionScriptingTraits (0ms)
		AnalyzeDomain (202ms)
			TypeCache.Refresh (167ms)
				TypeCache.ScanAssembly (147ms)
			ScanForSourceGeneratedMonoScriptInfo (27ms)
			ResolveRequiredComponents (6ms)
	FinalizeReload (608ms)
		ReleaseScriptCaches (0ms)
		RebuildScriptCaches (0ms)
		SetupLoadedEditorAssemblies (453ms)
			LogAssemblyErrors (0ms)
			InitializePlatformSupportModulesInManaged (5ms)
			SetLoadedEditorAssemblies (3ms)
			RefreshPlugins (0ms)
			BeforeProcessingInitializeOnLoad (66ms)
			ProcessInitializeOnLoadAttributes (327ms)
			ProcessInitializeOnLoadMethodAttributes (43ms)
			AfterProcessingInitializeOnLoad (8ms)
			EditorAssembliesLoaded (0ms)
		ExecutionOrderSort2 (0ms)
		AwakeInstancesAfterBackupRestoration (7ms)
Launched and connected shader compiler UnityShaderCompiler.exe after 0.06 seconds
Refreshing native plugins compatible for Editor in 4.97 ms, found 4 plugins.
Preloading 0 native plugins for Editor in 0.00 ms.
Unloading 4037 Unused Serialized files (Serialized files now loaded: 0)
Unloading 64 unused Assets / (61.4 KB). Loaded Objects now: 4499.
Memory consumption went from 143.8 MB to 143.8 MB.
Total: 4.303700 ms (FindLiveObjects: 0.518700 ms CreateObjectMapping: 0.227400 ms MarkObjects: 3.353300 ms  DeleteObjects: 0.202100 ms)

AssetImportParameters requested are different than current active one (requested -> active):
  custom:container-demuxer-ogg: 62fdf1f143b41e24485cea50d1cbac27 -> 
  custom:video-decoder-ogg-theora: a1e56fd34408186e4bbccfd4996cb3dc -> 
  custom:framework-win-MediaFoundation: 216162199b28c13a410421893ffa2e32 -> 
  custom:CustomObjectIndexerAttribute: 9a22284fe3817be447336de3de66b15e -> 
  custom:container-demuxer-webm: 4f35f7cbe854078d1ac9338744f61a02 -> 
  custom:container-muxer-webm: aa71ff27fc2769a1b78a27578f13a17b -> 
  custom:video-decoder-webm-vp8: 9c59270c3fd7afecdb556c50c9e8de78 -> 
  custom:SearchIndexIgnoredProperties: e643bd26f0fe6173181afceb89e7c659 -> 
  custom:AudioImporter_EditorPlatform: d09bf68614088b80899f8185d706f6e7 -> 
  custom:video-encoder-webm-vp8: eb34c28f22e8b96e1ab97ce403110664 -> 
  custom:audio-decoder-ogg-vorbis: bf7c407c2cedff20999df2af8eb42d56 -> 
  custom:audio-encoder-webm-vorbis: bf7c407c2cedff20999df2af8eb42d56 -> 
========================================================================
Received Import Request.
  Time since last request: 515997.316096 seconds.
  path: Assets/Foozle_2DC0009_Lucifer_Warrior_Pixel_Art/Right/Png/WarriorRightAttack02.png
  artifactKey: Guid(a57d798f40681d943989138db5d0f5d9) Importer(815301076,1909f56bfc062723c751e8b465ee728b)
Start importing Assets/Foozle_2DC0009_Lucifer_Warrior_Pixel_Art/Right/Png/WarriorRightAttack02.png using Guid(a57d798f40681d943989138db5d0f5d9) Importer(815301076,1909f56bfc062723c751e8b465ee728b)  -> (artifact id: 'ac956807dd260488ef9fde1b38e2af3e') in 0.125324 seconds
Number of updated asset objects reloaded before import = 0
Number of asset objects unloaded after import = 3
========================================================================
Received Import Request.
  Time since last request: 395.605365 seconds.
  path: Assets/Sprout Lands - Sprites - Basic pack/Objects/Basic_Grass_Biom_things.png
  artifactKey: Guid(90366cb6da1cf98479305afd6b3d65dc) Importer(815301076,1909f56bfc062723c751e8b465ee728b)
Start importing Assets/Sprout Lands - Sprites - Basic pack/Objects/Basic_Grass_Biom_things.png using Guid(90366cb6da1cf98479305afd6b3d65dc) Importer(815301076,1909f56bfc062723c751e8b465ee728b)  -> (artifact id: '2fe5d432dd8335663bcf2c80717674a0') in 0.022119 seconds
Number of updated asset objects reloaded before import = 0
Number of asset objects unloaded after import = 3
========================================================================
Received Import Request.
  Time since last request: 0.001652 seconds.
  path: Assets/Sprout Lands - Sprites - Basic pack/Objects/Free_Chicken_House.png
  artifactKey: Guid(f21834c9a21ff9a4ca136c2092515ad4) Importer(815301076,1909f56bfc062723c751e8b465ee728b)
Start importing Assets/Sprout Lands - Sprites - Basic pack/Objects/Free_Chicken_House.png using Guid(f21834c9a21ff9a4ca136c2092515ad4) Importer(815301076,1909f56bfc062723c751e8b465ee728b)  -> (artifact id: '5bc53c22b26cf0706f846cc53a50c210') in 0.025749 seconds
Number of updated asset objects reloaded before import = 0
Number of asset objects unloaded after import = 3
========================================================================
Received Import Request.
  Time since last request: 0.000033 seconds.
  path: Assets/Sprout Lands - Sprites - Basic pack/Objects/Paths.png
  artifactKey: Guid(12ac09aac27e6a646a2d75b4f1b13a21) Importer(815301076,1909f56bfc062723c751e8b465ee728b)
Start importing Assets/Sprout Lands - Sprites - Basic pack/Objects/Paths.png using Guid(12ac09aac27e6a646a2d75b4f1b13a21) Importer(815301076,1909f56bfc062723c751e8b465ee728b)  -> (artifact id: 'b9bf7555d174e447103263091540529a') in 0.028576 seconds
Number of updated asset objects reloaded before import = 0
Number of asset objects unloaded after import = 3
========================================================================
Received Import Request.
  Time since last request: 0.000037 seconds.
  path: Assets/Sprout Lands - Sprites - Basic pack/Objects/Egg_item.png
  artifactKey: Guid(4c163e3e4fdc6654a9aa4ee6838d4e8a) Importer(815301076,1909f56bfc062723c751e8b465ee728b)
Start importing Assets/Sprout Lands - Sprites - Basic pack/Objects/Egg_item.png using Guid(4c163e3e4fdc6654a9aa4ee6838d4e8a) Importer(815301076,1909f56bfc062723c751e8b465ee728b)  -> (artifact id: 'e8231e6be3b83d280fc7a5fd3a371a4a') in 0.022450 seconds
Number of updated asset objects reloaded before import = 0
Number of asset objects unloaded after import = 3
========================================================================
Received Import Request.
  Time since last request: 0.000036 seconds.
  path: Assets/Sprout Lands - Sprites - Basic pack/Objects/Chest.png
  artifactKey: Guid(1c6439ac24b1f65479d4c9909b1b9d56) Importer(815301076,1909f56bfc062723c751e8b465ee728b)
Start importing Assets/Sprout Lands - Sprites - Basic pack/Objects/Chest.png using Guid(1c6439ac24b1f65479d4c9909b1b9d56) Importer(815301076,1909f56bfc062723c751e8b465ee728b)  -> (artifact id: 'e4eb49ad39db1a1bff2cc1a26f6ba4fe') in 0.027777 seconds
Number of updated asset objects reloaded before import = 0
Number of asset objects unloaded after import = 3
========================================================================
Received Import Request.
  Time since last request: 6.430731 seconds.
  path: Assets/Sprout Lands - Sprites - Basic pack/Sprout Lands color pallet/Sprout Lands defautlt palette snip.PNG
  artifactKey: Guid(1d650aacba024504ca46d0750f1ece2d) Importer(815301076,1909f56bfc062723c751e8b465ee728b)
Start importing Assets/Sprout Lands - Sprites - Basic pack/Sprout Lands color pallet/Sprout Lands defautlt palette snip.PNG using Guid(1d650aacba024504ca46d0750f1ece2d) Importer(815301076,1909f56bfc062723c751e8b465ee728b)  -> (artifact id: '7e353e1fac8b4afd49b79754ef01d786') in 0.022801 seconds
Number of updated asset objects reloaded before import = 0
Number of asset objects unloaded after import = 3
========================================================================
Received Import Request.
  Time since last request: 19.512909 seconds.
  path: Assets/Sprout Lands - Sprites - Basic pack/Tilesets/Bitmask references gif.gif
  artifactKey: Guid(ac9aa2d2fdd16a84988e703a13964d52) Importer(815301076,1909f56bfc062723c751e8b465ee728b)
Start importing Assets/Sprout Lands - Sprites - Basic pack/Tilesets/Bitmask references gif.gif using Guid(ac9aa2d2fdd16a84988e703a13964d52) Importer(815301076,1909f56bfc062723c751e8b465ee728b)  -> (artifact id: 'dd5f4c2b85b414ba32d920d08a3e9741') in 0.027766 seconds
Number of updated asset objects reloaded before import = 0
Number of asset objects unloaded after import = 3
========================================================================
Received Import Request.
  Time since last request: 0.000037 seconds.
  path: Assets/Sprout Lands - Sprites - Basic pack/Tilesets/Hills.png
  artifactKey: Guid(0057f538998e5a2459c50ecba7d716c7) Importer(815301076,1909f56bfc062723c751e8b465ee728b)
Start importing Assets/Sprout Lands - Sprites - Basic pack/Tilesets/Hills.png using Guid(0057f538998e5a2459c50ecba7d716c7) Importer(815301076,1909f56bfc062723c751e8b465ee728b)  -> (artifact id: '47a1cae07ecf0e1b0bcec62d13d82e65') in 0.023916 seconds
Number of updated asset objects reloaded before import = 0
Number of asset objects unloaded after import = 3
Editor requested this worker to shutdown with reason: Scaling down because of idle timeout
TcpMessagingSession - receive error: operation aborted. errorcode: 995, details: A operação de E/S foi cancelada devido a uma saída do módulo ou a um pedido da aplicação.
AssetImportWorker is now disconnected from the server
Process exiting
Exiting without the bug reporter. Application will terminate with return code 0