Using pre-set license
Built from '2022.3/staging' branch; Version is '2022.3.21f1 (bf09ca542b87) revision 12519882'; Using compiler version '192829333'; Build Type 'Release'
OS: 'Windows 11  (10.0.22631) 64bit Core' Language: 'pt' Physical Memory: 15771 MB
BatchMode: 1, IsHumanControllingUs: 0, StartBugReporterOnCrash: 0, Is64bit: 1, IsPro: 1

COMMAND LINE ARGUMENTS:
C:\Users\rodri\Desktop\Unity Installs\2022.3.21f1\Editor\Unity.exe
-adb2
-batchMode
-noUpm
-name
AssetImportWorker1
-projectPath
C:/Users/rodri/Documents/GitHub/2D-Project-2024/2DGP_Prototype
-logFile
Logs/AssetImportWorker1.log
-srvPort
54733
Successfully changed project path to: C:/Users/rodri/Documents/GitHub/2D-Project-2024/2DGP_Prototype
C:/Users/rodri/Documents/GitHub/2D-Project-2024/2DGP_Prototype
[UnityMemory] Configuration Parameters - Can be set up in boot.config
    "memorysetup-bucket-allocator-granularity=16"
    "memorysetup-bucket-allocator-bucket-count=8"
    "memorysetup-bucket-allocator-block-size=33554432"
    "memorysetup-bucket-allocator-block-count=8"
    "memorysetup-main-allocator-block-size=16777216"
    "memorysetup-thread-allocator-block-size=16777216"
    "memorysetup-gfx-main-allocator-block-size=16777216"
    "memorysetup-gfx-thread-allocator-block-size=16777216"
    "memorysetup-cache-allocator-block-size=4194304"
    "memorysetup-typetree-allocator-block-size=2097152"
    "memorysetup-profiler-bucket-allocator-granularity=16"
    "memorysetup-profiler-bucket-allocator-bucket-count=8"
    "memorysetup-profiler-bucket-allocator-block-size=33554432"
    "memorysetup-profiler-bucket-allocator-block-count=8"
    "memorysetup-profiler-allocator-block-size=16777216"
    "memorysetup-profiler-editor-allocator-block-size=1048576"
    "memorysetup-temp-allocator-size-main=16777216"
    "memorysetup-job-temp-allocator-block-size=2097152"
    "memorysetup-job-temp-allocator-block-size-background=1048576"
    "memorysetup-job-temp-allocator-reduction-small-platforms=262144"
    "memorysetup-allocator-temp-initial-block-size-main=262144"
    "memorysetup-allocator-temp-initial-block-size-worker=262144"
    "memorysetup-temp-allocator-size-background-worker=32768"
    "memorysetup-temp-allocator-size-job-worker=262144"
    "memorysetup-temp-allocator-size-preload-manager=33554432"
    "memorysetup-temp-allocator-size-nav-mesh-worker=65536"
    "memorysetup-temp-allocator-size-audio-worker=65536"
    "memorysetup-temp-allocator-size-cloud-worker=32768"
    "memorysetup-temp-allocator-size-gi-baking-worker=262144"
    "memorysetup-temp-allocator-size-gfx=262144"
Player connection [25596] Host "[IP] 172.22.201.77 [Port] 0 [Flags] 2 [Guid] 3767400099 [EditorId] 3767400099 [Version] 1048832 [Id] WindowsEditor(7,LAPTOP-2681OAFG) [Debug] 1 [PackageName] WindowsEditor [ProjectName] Editor" joined multi-casting on [225.0.0.222:54997]...

Player connection [25596] Host "[IP] 172.22.201.77 [Port] 0 [Flags] 2 [Guid] 3767400099 [EditorId] 3767400099 [Version] 1048832 [Id] WindowsEditor(7,LAPTOP-2681OAFG) [Debug] 1 [PackageName] WindowsEditor [ProjectName] Editor" joined alternative multi-casting on [225.0.0.222:34997]...

[Physics::Module] Initialized MultithreadedJobDispatcher with 15 workers.
Refreshing native plugins compatible for Editor in 10.78 ms, found 4 plugins.
Preloading 0 native plugins for Editor in 0.00 ms.
Initialize engine version: 2022.3.21f1 (bf09ca542b87)
[Subsystems] Discovering subsystems at path C:/Users/rodri/Desktop/Unity Installs/2022.3.21f1/Editor/Data/Resources/UnitySubsystems
[Subsystems] Discovering subsystems at path C:/Users/rodri/Documents/GitHub/2D-Project-2024/2DGP_Prototype/Assets
GfxDevice: creating device client; threaded=0; jobified=0
Direct3D:
    Version:  Direct3D 11.0 [level 11.1]
    Renderer: AMD Radeon(TM) Graphics (ID=0x164c)
    Vendor:   ATI
    VRAM:     7885 MB
    Driver:   31.0.21910.5
Initialize mono
Mono path[0] = 'C:/Users/rodri/Desktop/Unity Installs/2022.3.21f1/Editor/Data/Managed'
Mono path[1] = 'C:/Users/rodri/Desktop/Unity Installs/2022.3.21f1/Editor/Data/MonoBleedingEdge/lib/mono/unityjit-win32'
Mono config path = 'C:/Users/rodri/Desktop/Unity Installs/2022.3.21f1/Editor/Data/MonoBleedingEdge/etc'
Using monoOptions --debugger-agent=transport=dt_socket,embedding=1,server=y,suspend=n,address=127.0.0.1:56456
Begin MonoManager ReloadAssembly
Registering precompiled unity dll's ...
Register platform support module: C:/Users/rodri/Desktop/Unity Installs/2022.3.21f1/Editor/Data/PlaybackEngines/WindowsStandaloneSupport/UnityEditor.WindowsStandalone.Extensions.dll
Registered in 0.007716 seconds.
- Loaded All Assemblies, in  0.446 seconds
Native extension for WindowsStandalone target not found
Mono: successfully reloaded assembly
- Finished resetting the current domain, in  0.407 seconds
Domain Reload Profiling: 852ms
	BeginReloadAssembly (119ms)
		ExecutionOrderSort (0ms)
		DisableScriptedObjects (0ms)
		BackupInstance (0ms)
		ReleaseScriptingObjects (0ms)
		CreateAndSetChildDomain (1ms)
	RebuildCommonClasses (51ms)
	RebuildNativeTypeToScriptingClass (12ms)
	initialDomainReloadingComplete (72ms)
	LoadAllAssembliesAndSetupDomain (189ms)
		LoadAssemblies (117ms)
		RebuildTransferFunctionScriptingTraits (0ms)
		AnalyzeDomain (187ms)
			TypeCache.Refresh (185ms)
				TypeCache.ScanAssembly (166ms)
			ScanForSourceGeneratedMonoScriptInfo (0ms)
			ResolveRequiredComponents (1ms)
	FinalizeReload (408ms)
		ReleaseScriptCaches (0ms)
		RebuildScriptCaches (0ms)
		SetupLoadedEditorAssemblies (323ms)
			LogAssemblyErrors (0ms)
			InitializePlatformSupportModulesInManaged (11ms)
			SetLoadedEditorAssemblies (9ms)
			RefreshPlugins (0ms)
			BeforeProcessingInitializeOnLoad (5ms)
			ProcessInitializeOnLoadAttributes (230ms)
			ProcessInitializeOnLoadMethodAttributes (68ms)
			AfterProcessingInitializeOnLoad (0ms)
			EditorAssembliesLoaded (0ms)
		ExecutionOrderSort2 (0ms)
		AwakeInstancesAfterBackupRestoration (0ms)
========================================================================
Worker process is ready to serve import requests
Begin MonoManager ReloadAssembly
- Loaded All Assemblies, in  0.865 seconds
Refreshing native plugins compatible for Editor in 5.32 ms, found 4 plugins.
Native extension for WindowsStandalone target not found
Package Manager log level set to [2]
[Package Manager] Server::EnsureServerProcessIsRunning -- launch failed, reason: Unity was launched with the -noUpm command-line argument
[Package Manager] UpmClient::Send -- Unable to send message (not connected to UPM process).
[Package Manager] Cannot connect to Unity Package Manager local server
Mono: successfully reloaded assembly
- Finished resetting the current domain, in  0.714 seconds
Domain Reload Profiling: 1576ms
	BeginReloadAssembly (188ms)
		ExecutionOrderSort (0ms)
		DisableScriptedObjects (7ms)
		BackupInstance (0ms)
		ReleaseScriptingObjects (0ms)
		CreateAndSetChildDomain (34ms)
	RebuildCommonClasses (39ms)
	RebuildNativeTypeToScriptingClass (12ms)
	initialDomainReloadingComplete (50ms)
	LoadAllAssembliesAndSetupDomain (574ms)
		LoadAssemblies (431ms)
		RebuildTransferFunctionScriptingTraits (0ms)
		AnalyzeDomain (241ms)
			TypeCache.Refresh (203ms)
				TypeCache.ScanAssembly (181ms)
			ScanForSourceGeneratedMonoScriptInfo (32ms)
			ResolveRequiredComponents (5ms)
	FinalizeReload (714ms)
		ReleaseScriptCaches (0ms)
		RebuildScriptCaches (0ms)
		SetupLoadedEditorAssemblies (532ms)
			LogAssemblyErrors (0ms)
			InitializePlatformSupportModulesInManaged (6ms)
			SetLoadedEditorAssemblies (4ms)
			RefreshPlugins (0ms)
			BeforeProcessingInitializeOnLoad (74ms)
			ProcessInitializeOnLoadAttributes (389ms)
			ProcessInitializeOnLoadMethodAttributes (53ms)
			AfterProcessingInitializeOnLoad (6ms)
			EditorAssembliesLoaded (0ms)
		ExecutionOrderSort2 (0ms)
		AwakeInstancesAfterBackupRestoration (8ms)
Launched and connected shader compiler UnityShaderCompiler.exe after 0.07 seconds
Refreshing native plugins compatible for Editor in 4.55 ms, found 4 plugins.
Preloading 0 native plugins for Editor in 0.00 ms.
Unloading 4037 Unused Serialized files (Serialized files now loaded: 0)
Unloading 64 unused Assets / (61.1 KB). Loaded Objects now: 4499.
Memory consumption went from 143.8 MB to 143.8 MB.
Total: 4.848600 ms (FindLiveObjects: 0.502200 ms CreateObjectMapping: 0.293800 ms MarkObjects: 3.839600 ms  DeleteObjects: 0.210700 ms)

AssetImportParameters requested are different than current active one (requested -> active):
  custom:container-demuxer-ogg: 62fdf1f143b41e24485cea50d1cbac27 -> 
  custom:video-decoder-ogg-theora: a1e56fd34408186e4bbccfd4996cb3dc -> 
  custom:framework-win-MediaFoundation: 216162199b28c13a410421893ffa2e32 -> 
  custom:CustomObjectIndexerAttribute: 9a22284fe3817be447336de3de66b15e -> 
  custom:container-demuxer-webm: 4f35f7cbe854078d1ac9338744f61a02 -> 
  custom:container-muxer-webm: aa71ff27fc2769a1b78a27578f13a17b -> 
  custom:video-decoder-webm-vp8: 9c59270c3fd7afecdb556c50c9e8de78 -> 
  custom:SearchIndexIgnoredProperties: e643bd26f0fe6173181afceb89e7c659 -> 
  custom:AudioImporter_EditorPlatform: d09bf68614088b80899f8185d706f6e7 -> 
  custom:video-encoder-webm-vp8: eb34c28f22e8b96e1ab97ce403110664 -> 
  custom:audio-decoder-ogg-vorbis: bf7c407c2cedff20999df2af8eb42d56 -> 
  custom:audio-encoder-webm-vorbis: bf7c407c2cedff20999df2af8eb42d56 -> 
========================================================================
Received Import Request.
  Time since last request: 515323.466727 seconds.
  path: Assets/Sprout Lands - Sprites - Basic pack/Characters/Basic Charakter Spritesheet.png
  artifactKey: Guid(9918a1a204183724abcd1b784e26938b) Importer(815301076,1909f56bfc062723c751e8b465ee728b)
Start importing Assets/Sprout Lands - Sprites - Basic pack/Characters/Basic Charakter Spritesheet.png using Guid(9918a1a204183724abcd1b784e26938b) Importer(815301076,1909f56bfc062723c751e8b465ee728b)  -> (artifact id: '34618b0356d3b53b6e4e720aeea0d9d5') in 0.119065 seconds
Number of updated asset objects reloaded before import = 0
Number of asset objects unloaded after import = 3
========================================================================
Received Import Request.
  Time since last request: 0.000051 seconds.
  path: Assets/Sprout Lands - Sprites - Basic pack/Characters/Egg_And_Nest.png
  artifactKey: Guid(f4d4047538125b04eb50897085a56fd6) Importer(815301076,1909f56bfc062723c751e8b465ee728b)
Start importing Assets/Sprout Lands - Sprites - Basic pack/Characters/Egg_And_Nest.png using Guid(f4d4047538125b04eb50897085a56fd6) Importer(815301076,1909f56bfc062723c751e8b465ee728b)  -> (artifact id: '578d801c8382c6f7830191cc8b981e9a') in 0.020667 seconds
Number of updated asset objects reloaded before import = 0
Number of asset objects unloaded after import = 3
========================================================================
Received Import Request.
  Time since last request: 0.000035 seconds.
  path: Assets/Sprout Lands - Sprites - Basic pack/Characters/Free Cow Sprites.png
  artifactKey: Guid(8df5e0cf92515084c9bc8169535c3294) Importer(815301076,1909f56bfc062723c751e8b465ee728b)
Start importing Assets/Sprout Lands - Sprites - Basic pack/Characters/Free Cow Sprites.png using Guid(8df5e0cf92515084c9bc8169535c3294) Importer(815301076,1909f56bfc062723c751e8b465ee728b)  -> (artifact id: '2c42f2d90a62752d78189be3c6b3fe92') in 0.018409 seconds
Number of updated asset objects reloaded before import = 0
Number of asset objects unloaded after import = 3
========================================================================
Received Import Request.
  Time since last request: 467.702892 seconds.
  path: Assets/Foozle_2DC0009_Lucifer_Warrior_Pixel_Art/Warrior Showreel.gif
  artifactKey: Guid(c8791a08b941e8446ad6c00072c3b31f) Importer(815301076,1909f56bfc062723c751e8b465ee728b)
Start importing Assets/Foozle_2DC0009_Lucifer_Warrior_Pixel_Art/Warrior Showreel.gif using Guid(c8791a08b941e8446ad6c00072c3b31f) Importer(815301076,1909f56bfc062723c751e8b465ee728b)  -> (artifact id: 'f7d7b3d6d0ac3dac5fd62e085f263bb8') in 0.026327 seconds
Number of updated asset objects reloaded before import = 0
Number of asset objects unloaded after import = 3
========================================================================
Received Import Request.
  Time since last request: 46.873236 seconds.
  path: Assets/Foozle_2DC0009_Lucifer_Warrior_Pixel_Art/Down/Ase/WarriorDownAttack02.aseprite
  artifactKey: Guid(cd3c1368ad2ed6348960ed521da56dd6) Importer(815301076,1909f56bfc062723c751e8b465ee728b)
Start importing Assets/Foozle_2DC0009_Lucifer_Warrior_Pixel_Art/Down/Ase/WarriorDownAttack02.aseprite using Guid(cd3c1368ad2ed6348960ed521da56dd6) Importer(815301076,1909f56bfc062723c751e8b465ee728b)  -> (artifact id: 'f7f5e97c70f4a069d07530db3cc878ed') in 0.109419 seconds
Number of updated asset objects reloaded before import = 0
Number of asset objects unloaded after import = 17
========================================================================
Received Import Request.
  Time since last request: 0.000062 seconds.
  path: Assets/Foozle_2DC0009_Lucifer_Warrior_Pixel_Art/Down/Ase/WarriorDownDeath.aseprite
  artifactKey: Guid(3e7a120c11fd98d4bb0e458b6ffc4b69) Importer(815301076,1909f56bfc062723c751e8b465ee728b)
Start importing Assets/Foozle_2DC0009_Lucifer_Warrior_Pixel_Art/Down/Ase/WarriorDownDeath.aseprite using Guid(3e7a120c11fd98d4bb0e458b6ffc4b69) Importer(815301076,1909f56bfc062723c751e8b465ee728b)  -> (artifact id: '2e0a74e5dc3b7be718409d54cfa5cbe8') in 0.051815 seconds
Number of updated asset objects reloaded before import = 0
Number of asset objects unloaded after import = 16
========================================================================
Received Import Request.
  Time since last request: 0.000072 seconds.
  path: Assets/Foozle_2DC0009_Lucifer_Warrior_Pixel_Art/Down/Ase/WarriorDownHurt.aseprite
  artifactKey: Guid(1ad2d1a0ec1840243a6a5123d5a1b247) Importer(815301076,1909f56bfc062723c751e8b465ee728b)
Start importing Assets/Foozle_2DC0009_Lucifer_Warrior_Pixel_Art/Down/Ase/WarriorDownHurt.aseprite using Guid(1ad2d1a0ec1840243a6a5123d5a1b247) Importer(815301076,1909f56bfc062723c751e8b465ee728b)  -> (artifact id: '7d66d22dcabc9367a972f273c74892cc') in 0.042671 seconds
Number of updated asset objects reloaded before import = 0
Number of asset objects unloaded after import = 15
========================================================================
Received Import Request.
  Time since last request: 0.000021 seconds.
  path: Assets/Foozle_2DC0009_Lucifer_Warrior_Pixel_Art/Down/Ase/WarriorDownWalk.aseprite
  artifactKey: Guid(af3f451aae4a1ea47a8166799f30f89c) Importer(815301076,1909f56bfc062723c751e8b465ee728b)
Start importing Assets/Foozle_2DC0009_Lucifer_Warrior_Pixel_Art/Down/Ase/WarriorDownWalk.aseprite using Guid(af3f451aae4a1ea47a8166799f30f89c) Importer(815301076,1909f56bfc062723c751e8b465ee728b)  -> (artifact id: 'f1f4b81047dc224a084c9ef8fbe798b9') in 0.052298 seconds
Number of updated asset objects reloaded before import = 0
Number of asset objects unloaded after import = 19
========================================================================
Received Import Request.
  Time since last request: 9.352099 seconds.
  path: Assets/Foozle_2DC0009_Lucifer_Warrior_Pixel_Art/Down/Png/WarriorDownAttack03.png
  artifactKey: Guid(6a68c4a4881397849902a36aac1540f6) Importer(815301076,1909f56bfc062723c751e8b465ee728b)
Start importing Assets/Foozle_2DC0009_Lucifer_Warrior_Pixel_Art/Down/Png/WarriorDownAttack03.png using Guid(6a68c4a4881397849902a36aac1540f6) Importer(815301076,1909f56bfc062723c751e8b465ee728b)  -> (artifact id: 'd20eb98c1c143983e9fb15ff52868d83') in 0.023668 seconds
Number of updated asset objects reloaded before import = 0
Number of asset objects unloaded after import = 3
========================================================================
Received Import Request.
  Time since last request: 0.000033 seconds.
  path: Assets/Foozle_2DC0009_Lucifer_Warrior_Pixel_Art/Down/Png/WarriorDownIdle.png
  artifactKey: Guid(3f5a0902fa3d6264bb3396c3368c0b03) Importer(815301076,1909f56bfc062723c751e8b465ee728b)
Start importing Assets/Foozle_2DC0009_Lucifer_Warrior_Pixel_Art/Down/Png/WarriorDownIdle.png using Guid(3f5a0902fa3d6264bb3396c3368c0b03) Importer(815301076,1909f56bfc062723c751e8b465ee728b)  -> (artifact id: '800c0d2c6c51715baf86c013b4e36567') in 0.022287 seconds
Number of updated asset objects reloaded before import = 0
Number of asset objects unloaded after import = 3
========================================================================
Received Import Request.
  Time since last request: 0.000026 seconds.
  path: Assets/Foozle_2DC0009_Lucifer_Warrior_Pixel_Art/Down/Png/WarriorDownJump.png
  artifactKey: Guid(7705d9de11caf2d4aa29ec7b0cbe7bba) Importer(815301076,1909f56bfc062723c751e8b465ee728b)
Start importing Assets/Foozle_2DC0009_Lucifer_Warrior_Pixel_Art/Down/Png/WarriorDownJump.png using Guid(7705d9de11caf2d4aa29ec7b0cbe7bba) Importer(815301076,1909f56bfc062723c751e8b465ee728b)  -> (artifact id: '1674190d2b0ac7d7aab445c5b4e59d01') in 0.021241 seconds
Number of updated asset objects reloaded before import = 0
Number of asset objects unloaded after import = 3
========================================================================
Received Import Request.
  Time since last request: 0.000033 seconds.
  path: Assets/Foozle_2DC0009_Lucifer_Warrior_Pixel_Art/Down/Png/WarriorDownWalk.png
  artifactKey: Guid(fa9b7ee786966f74e92fc1e7e5863255) Importer(815301076,1909f56bfc062723c751e8b465ee728b)
Start importing Assets/Foozle_2DC0009_Lucifer_Warrior_Pixel_Art/Down/Png/WarriorDownWalk.png using Guid(fa9b7ee786966f74e92fc1e7e5863255) Importer(815301076,1909f56bfc062723c751e8b465ee728b)  -> (artifact id: '53a1f7ddc9dd6ce0fc51ebfa762709ef') in 0.021458 seconds
Number of updated asset objects reloaded before import = 0
Number of asset objects unloaded after import = 3
Editor requested this worker to shutdown with reason: Scaling down because of idle timeout
TcpMessagingSession - receive error: operation aborted. errorcode: 995, details: A operação de E/S foi cancelada devido a uma saída do módulo ou a um pedido da aplicação.
AssetImportWorker is now disconnected from the server
Process exiting
Exiting without the bug reporter. Application will terminate with return code 0